%このファイルは日本語文字を含みます.
\BOOKMARK [1][-]{section.1}{\376\377\0001\000\040\060\157\060\130\060\201\060\153}{}% 1
\BOOKMARK [2][-]{subsection.1.1}{\376\377\0001\000.\0001\000\040\122\115\143\320\167\345\213\130}{section.1}% 2
\BOOKMARK [1][-]{section.2}{\376\377\0002\000\040\060\271\060\261\060\303\060\301}{}% 3
\BOOKMARK [2][-]{subsection.2.1}{\376\377\0002\000.\0001\000\040\172\313\117\123\142\020\127\213\165\050\060\156\060\271\060\261\060\303\060\301}{section.2}% 4
\BOOKMARK [2][-]{subsection.2.2}{\376\377\0002\000.\0002\000\040\172\164\060\102\060\121\165\050\060\156\060\271\060\261\060\303\060\301}{section.2}% 5
\BOOKMARK [2][-]{subsection.2.3}{\376\377\0002\000.\0003\000\040\211\322\060\321\060\244\060\327\060\156\060\271\060\261\060\303\060\301}{section.2}% 6
\BOOKMARK [2][-]{subsection.2.4}{\376\377\0002\000.\0004\000\040\060\135\060\156\116\326\060\156\167\345\213\130}{section.2}% 7
\BOOKMARK [1][-]{section.3}{\376\377\0003\000\040\0003\153\041\121\103\060\342\060\307\060\353\060\156\117\134\142\020}{}% 8
\BOOKMARK [2][-]{subsection.3.1}{\376\377\0003\000.\0001\000\040\142\274\060\127\121\372\060\127\060\334\060\271\000/\060\331\060\374\060\271}{section.3}% 9
\BOOKMARK [2][-]{subsection.3.2}{\376\377\0003\000.\0002\000\040\142\274\060\127\121\372\060\127\060\253\060\303\060\310}{section.3}% 10
\BOOKMARK [2][-]{subsection.3.3}{\376\377\0003\000.\0003\000\040\060\135\060\156\116\326\060\156\060\325\060\243\060\374\060\301\060\343\060\374\175\350\226\306}{section.3}% 11
\BOOKMARK [1][-]{section.4}{\376\377\0004\000\040\060\242\060\273\060\363\060\326\060\352}{}% 12
\BOOKMARK [2][-]{subsection.4.1}{\376\377\0004\000.\0001\000\040\145\271\154\325}{section.4}% 13
\BOOKMARK [2][-]{subsection.4.2}{\376\377\0004\000.\0002\000\040\124\010\201\364}{section.4}% 14
\BOOKMARK [2][-]{subsection.4.3}{\376\377\0004\000.\0003\000\040\060\242\060\273\060\363\060\326\060\352\060\153\060\112\060\121\060\213\154\350\141\017}{section.4}% 15
\BOOKMARK [2][-]{subsection.4.4}{\376\377\0004\000.\0004\000\040\060\135\060\156\116\326\060\156\144\315\117\134}{section.4}% 16
\BOOKMARK [1][-]{section.5}{\376\377\0005\000\040\377\013\003\261}{}% 17
\BOOKMARK [2][-]{subsection.5.1}{\376\377\0005\000.\0001\000\040\147\120\145\231\060\156\212\055\133\232}{section.5}% 18
\BOOKMARK [2][-]{subsection.5.2}{\376\377\0005\000.\0002\000\040\131\026\211\263\060\156\212\055\133\232}{section.5}% 19
\BOOKMARK [2][-]{subsection.5.3}{\376\377\0005\000.\0003\000\040\060\260\060\351\060\325\060\243\060\303\060\257\060\271\230\030\127\337\116\012\220\350\060\156\060\341\060\313\060\345\060\374\060\153\060\144\060\104\060\146}{section.5}% 20
\BOOKMARK [2][-]{subsection.5.4}{\376\377\0005\000.\0004\000\040\000P\000a\000c\000k\000\040\000a\000n\000d\000\040\000g\000o}{section.5}% 21
\BOOKMARK [2][-]{subsection.5.5}{\376\377\0005\000.\0005\000\040\000s\000t\000l\060\325\060\241\060\244\060\353\060\170\060\156\131\011\143\333}{section.5}% 22
\BOOKMARK [2][-]{subsection.5.6}{\376\377\0005\000.\0006\000\040\000D\000x\000f\060\325\060\241\060\244\060\353\060\156\060\250\060\257\060\271\060\335\060\374\060\310}{section.5}% 23
\BOOKMARK [2][-]{subsection.5.7}{\376\377\0005\000.\0007\000\040\060\325\060\241\060\244\060\353\060\156\124\015\122\115\060\153\060\144\060\104\060\146}{section.5}% 24
